#
# There is insufficient memory for the Java Runtime Environment to continue.
# Native memory allocation (malloc) failed to allocate 1715312 bytes for Chunk::new
# Possible reasons:
#   The system is out of physical RAM or swap space
#   The process is running with CompressedOops enabled, and the Java Heap may be blocking the growth of the native heap
# Possible solutions:
#   Reduce memory load on the system
#   Increase physical memory or swap space
#   Check if swap backing store is full
#   Decrease Java heap size (-Xmx/-Xms)
#   Decrease number of Java threads
#   Decrease Java thread stack sizes (-Xss)
#   Set larger code cache with -XX:ReservedCodeCacheSize=
#   JVM is running with Unscaled Compressed Oops mode in which the Java heap is
#     placed in the first 4GB address space. The Java Heap base address is the
#     maximum limit for the native heap growth. Please use -XX:HeapBaseMinAddress
#     to set the Java Heap base and to place the Java Heap above 4GB virtual address.
# This output file may be truncated or incomplete.
#
#  Out of Memory Error (arena.cpp:189), pid=13340, tid=12852
#
# JRE version: OpenJDK Runtime Environment Temurin-17.0.8.1+1 (17.0.8.1+1) (build 17.0.8.1+1)
# Java VM: OpenJDK 64-Bit Server VM Temurin-17.0.8.1+1 (17.0.8.1+1, mixed mode, tiered, compressed oops, compressed class ptrs, g1 gc, windows-amd64)
# No core dump will be written. Minidumps are not enabled by default on client versions of Windows
#

---------------  S U M M A R Y ------------

Command Line: -ea -Dfile.encoding=UTF-8 -Dstdout.encoding=UTF-8 -Dstderr.encoding=UTF-8 -XX:+ShowCodeDetailsInExceptionMessages org.eclipse.jdt.internal.junit.runner.RemoteTestRunner -version 3 -port 64489 -testLoaderClass org.eclipse.jdt.internal.junit5.runner.JUnit5TestLoader -loaderpluginname org.eclipse.jdt.junit5.runtime -packageNameFile C:\Users\ADMIN\AppData\Local\Temp\packageNames12141623005627790900.txt

Host: Intel(R) Core(TM) i5-8250U CPU @ 1.60GHz, 8 cores, 7G,  Windows 10 , 64 bit Build 19041 (10.0.19041.3636)
Time: Thu Jan 11 11:02:59 2024 India Standard Time elapsed time: 5.406398 seconds (0d 0h 0m 5s)

---------------  T H R E A D  ---------------

Current thread (0x000001d34eb947b0):  JavaThread "C2 CompilerThread2" daemon [_thread_in_native, id=12852, stack(0x0000001724200000,0x0000001724300000)]


Current CompileTask:
C2:   5406 3696       4       org.springframework.core.annotation.TypeMappedAnnotations::get (52 bytes)

Stack: [0x0000001724200000,0x0000001724300000]
Native frames: (J=compiled Java code, j=interpreted, Vv=VM code, C=native code)
V  [jvm.dll+0x678b0a]
V  [jvm.dll+0x835e84]
V  [jvm.dll+0x83762e]
V  [jvm.dll+0x837c93]
V  [jvm.dll+0x24746f]
V  [jvm.dll+0xac20c]
V  [jvm.dll+0xac7dc]
V  [jvm.dll+0x365ca7]
V  [jvm.dll+0x1bd1f8]
V  [jvm.dll+0x219d49]
V  [jvm.dll+0x219011]
V  [jvm.dll+0x1a534d]
V  [jvm.dll+0x228d8a]
V  [jvm.dll+0x226dcc]
V  [jvm.dll+0x7ec09b]
V  [jvm.dll+0x7e64ca]
V  [jvm.dll+0x677955]
C  [ucrtbase.dll+0x21bb2]
C  [KERNEL32.DLL+0x17344]
C  [ntdll.dll+0x526b1]


---------------  P R O C E S S  ---------------

Threads class SMR info:
_java_thread_list=0x000001d34eaf8cc0, length=15, elements={
0x000001d32c8fd660, 0x000001d3489552c0, 0x000001d348956940, 0x000001d3489a2290,
0x000001d3489a5b80, 0x000001d3489a6c70, 0x000001d3489a7750, 0x000001d3489a98b0,
0x000001d3489aa1c0, 0x000001d3489d79a0, 0x000001d348b4aad0, 0x000001d348b6e650,
0x000001d34d33cb20, 0x000001d348b5c840, 0x000001d34eb947b0
}

Java Threads: ( => current thread )
  0x000001d32c8fd660 JavaThread "main" [_thread_in_native, id=5276, stack(0x0000001722500000,0x0000001722600000)]
  0x000001d3489552c0 JavaThread "Reference Handler" daemon [_thread_blocked, id=7908, stack(0x0000001722c00000,0x0000001722d00000)]
  0x000001d348956940 JavaThread "Finalizer" daemon [_thread_blocked, id=17832, stack(0x0000001722d00000,0x0000001722e00000)]
  0x000001d3489a2290 JavaThread "Signal Dispatcher" daemon [_thread_blocked, id=9712, stack(0x0000001722e00000,0x0000001722f00000)]
  0x000001d3489a5b80 JavaThread "Attach Listener" daemon [_thread_blocked, id=6820, stack(0x0000001722f00000,0x0000001723000000)]
  0x000001d3489a6c70 JavaThread "Service Thread" daemon [_thread_blocked, id=11704, stack(0x0000001723000000,0x0000001723100000)]
  0x000001d3489a7750 JavaThread "Monitor Deflation Thread" daemon [_thread_blocked, id=14752, stack(0x0000001723100000,0x0000001723200000)]
  0x000001d3489a98b0 JavaThread "C2 CompilerThread0" daemon [_thread_blocked, id=14940, stack(0x0000001723200000,0x0000001723300000)]
  0x000001d3489aa1c0 JavaThread "C1 CompilerThread0" daemon [_thread_blocked, id=17668, stack(0x0000001723300000,0x0000001723400000)]
  0x000001d3489d79a0 JavaThread "Sweeper thread" daemon [_thread_blocked, id=14092, stack(0x0000001723400000,0x0000001723500000)]
  0x000001d348b4aad0 JavaThread "Notification Thread" daemon [_thread_blocked, id=12300, stack(0x0000001723500000,0x0000001723600000)]
  0x000001d348b6e650 JavaThread "Common-Cleaner" daemon [_thread_blocked, id=18024, stack(0x0000001723700000,0x0000001723800000)]
  0x000001d34d33cb20 JavaThread "ReaderThread" [_thread_in_native, id=3756, stack(0x0000001723900000,0x0000001723a00000)]
  0x000001d348b5c840 JavaThread "C2 CompilerThread1" daemon [_thread_blocked, id=11492, stack(0x0000001723800000,0x0000001723900000)]
=>0x000001d34eb947b0 JavaThread "C2 CompilerThread2" daemon [_thread_in_native, id=12852, stack(0x0000001724200000,0x0000001724300000)]

Other Threads:
  0x000001d34894f470 VMThread "VM Thread" [stack: 0x0000001722b00000,0x0000001722c00000] [id=11320]
  0x000001d32ca59c90 WatcherThread [stack: 0x0000001723600000,0x0000001723700000] [id=18156]
  0x000001d32ca40dd0 GCTaskThread "GC Thread#0" [stack: 0x0000001722600000,0x0000001722700000] [id=16912]
  0x000001d34d8cead0 GCTaskThread "GC Thread#1" [stack: 0x0000001723a00000,0x0000001723b00000] [id=6240]
  0x000001d34d866380 GCTaskThread "GC Thread#2" [stack: 0x0000001723b00000,0x0000001723c00000] [id=7428]
  0x000001d34d866640 GCTaskThread "GC Thread#3" [stack: 0x0000001723c00000,0x0000001723d00000] [id=15072]
  0x000001d34d9116e0 GCTaskThread "GC Thread#4" [stack: 0x0000001723d00000,0x0000001723e00000] [id=10408]
  0x000001d34d9121b0 GCTaskThread "GC Thread#5" [stack: 0x0000001723e00000,0x0000001723f00000] [id=14900]
  0x000001d34de81720 GCTaskThread "GC Thread#6" [stack: 0x0000001723f00000,0x0000001724000000] [id=6324]
  0x000001d34dc9ab30 GCTaskThread "GC Thread#7" [stack: 0x0000001724000000,0x0000001724100000] [id=17796]
  0x000001d32ca52150 ConcurrentGCThread "G1 Main Marker" [stack: 0x0000001722700000,0x0000001722800000] [id=15844]
  0x000001d32ca53e80 ConcurrentGCThread "G1 Conc#0" [stack: 0x0000001722800000,0x0000001722900000] [id=8224]
  0x000001d34e04a830 ConcurrentGCThread "G1 Conc#1" [stack: 0x0000001724100000,0x0000001724200000] [id=1244]
  0x000001d34879f140 ConcurrentGCThread "G1 Refine#0" [stack: 0x0000001722900000,0x0000001722a00000] [id=2188]
  0x000001d3487a0030 ConcurrentGCThread "G1 Service" [stack: 0x0000001722a00000,0x0000001722b00000] [id=13764]

Threads with active compile tasks:
C2 CompilerThread2     5434 3696       4       org.springframework.core.annotation.TypeMappedAnnotations::get (52 bytes)

VM state: not at safepoint (normal execution)

VM Mutex/Monitor currently owned by a thread: None

Heap address: 0x0000000081400000, size: 2028 MB, Compressed Oops mode: 32-bit

CDS archive(s) not mapped
Compressed class space mapped at: 0x0000000100000000-0x0000000140000000, reserved size: 1073741824
Narrow klass base: 0x0000000000000000, Narrow klass shift: 3, Narrow klass range: 0x140000000

GC Precious Log:
 CPUs: 8 total, 8 available
 Memory: 8107M
 Large Page Support: Disabled
 NUMA Support: Disabled
 Compressed Oops: Enabled (32-bit)
 Heap Region Size: 1M
 Heap Min Capacity: 8M
 Heap Initial Capacity: 128M
 Heap Max Capacity: 2028M
 Pre-touch: Disabled
 Parallel Workers: 8
 Concurrent Workers: 2
 Concurrent Refinement Workers: 8
 Periodic GC: Disabled

Heap:
 garbage-first heap   total 48128K, used 15681K [0x0000000081400000, 0x0000000100000000)
  region size 1024K, 2 young (2048K), 1 survivors (1024K)
 Metaspace       used 40274K, committed 40640K, reserved 1114112K
  class space    used 4938K, committed 5120K, reserved 1048576K

Heap Regions: E=young(eden), S=young(survivor), O=old, HS=humongous(starts), HC=humongous(continues), CS=collection set, F=free, OA=open archive, CA=closed archive, TAMS=top-at-mark-start (previous, next)
|   0|0x0000000081400000, 0x0000000081500000, 0x0000000081500000|100%| O|  |TAMS 0x0000000081500000, 0x0000000081400000| Untracked 
|   1|0x0000000081500000, 0x0000000081600000, 0x0000000081600000|100%| O|  |TAMS 0x0000000081600000, 0x0000000081500000| Untracked 
|   2|0x0000000081600000, 0x0000000081700000, 0x0000000081700000|100%| O|  |TAMS 0x0000000081700000, 0x0000000081600000| Untracked 
|   3|0x0000000081700000, 0x0000000081800000, 0x0000000081800000|100%| O|  |TAMS 0x0000000081800000, 0x0000000081700000| Untracked 
|   4|0x0000000081800000, 0x0000000081900000, 0x0000000081900000|100%| O|  |TAMS 0x0000000081900000, 0x0000000081800000| Untracked 
|   5|0x0000000081900000, 0x0000000081a00000, 0x0000000081a00000|100%| O|  |TAMS 0x0000000081a00000, 0x0000000081900000| Untracked 
|   6|0x0000000081a00000, 0x0000000081b00000, 0x0000000081b00000|100%| O|  |TAMS 0x0000000081b00000, 0x0000000081a00000| Untracked 
|   7|0x0000000081b00000, 0x0000000081c00000, 0x0000000081c00000|100%| O|  |TAMS 0x0000000081c00000, 0x0000000081b00000| Untracked 
|   8|0x0000000081c00000, 0x0000000081d00000, 0x0000000081d00000|100%| O|  |TAMS 0x0000000081d00000, 0x0000000081c00000| Untracked 
|   9|0x0000000081d00000, 0x0000000081e00000, 0x0000000081e00000|100%| O|  |TAMS 0x0000000081e00000, 0x0000000081d00000| Untracked 
|  10|0x0000000081e00000, 0x0000000081f00000, 0x0000000081f00000|100%| O|  |TAMS 0x0000000081f00000, 0x0000000081e00000| Untracked 
|  11|0x0000000081f00000, 0x0000000081f00000, 0x0000000082000000|  0%| F|  |TAMS 0x0000000081f00000, 0x0000000081f00000| Untracked 
|  12|0x0000000082000000, 0x0000000082100000, 0x0000000082100000|100%| O|  |TAMS 0x0000000082000000, 0x0000000082000000| Untracked 
|  13|0x0000000082100000, 0x0000000082200000, 0x0000000082200000|100%| O|  |TAMS 0x0000000082100000, 0x0000000082100000| Untracked 
|  14|0x0000000082200000, 0x0000000082300000, 0x0000000082300000|100%| O|  |TAMS 0x0000000082200000, 0x0000000082200000| Untracked 
|  15|0x0000000082300000, 0x0000000082300000, 0x0000000082400000|  0%| F|  |TAMS 0x0000000082300000, 0x0000000082300000| Untracked 
|  16|0x0000000082400000, 0x0000000082400000, 0x0000000082500000|  0%| F|  |TAMS 0x0000000082400000, 0x0000000082400000| Untracked 
|  17|0x0000000082500000, 0x0000000082500000, 0x0000000082600000|  0%| F|  |TAMS 0x0000000082500000, 0x0000000082500000| Untracked 
|  18|0x0000000082600000, 0x0000000082600000, 0x0000000082700000|  0%| F|  |TAMS 0x0000000082600000, 0x0000000082600000| Untracked 
|  19|0x0000000082700000, 0x00000000827b6800, 0x0000000082800000| 71%| O|  |TAMS 0x0000000082700000, 0x0000000082700000| Untracked 
|  20|0x0000000082800000, 0x0000000082800000, 0x0000000082900000|  0%| F|  |TAMS 0x0000000082800000, 0x0000000082800000| Untracked 
|  21|0x0000000082900000, 0x0000000082900000, 0x0000000082a00000|  0%| F|  |TAMS 0x0000000082900000, 0x0000000082900000| Untracked 
|  22|0x0000000082a00000, 0x0000000082a00000, 0x0000000082b00000|  0%| F|  |TAMS 0x0000000082a00000, 0x0000000082a00000| Untracked 
|  23|0x0000000082b00000, 0x0000000082b00000, 0x0000000082c00000|  0%| F|  |TAMS 0x0000000082b00000, 0x0000000082b00000| Untracked 
|  24|0x0000000082c00000, 0x0000000082c00000, 0x0000000082d00000|  0%| F|  |TAMS 0x0000000082c00000, 0x0000000082c00000| Untracked 
|  25|0x0000000082d00000, 0x0000000082d00000, 0x0000000082e00000|  0%| F|  |TAMS 0x0000000082d00000, 0x0000000082d00000| Untracked 
|  26|0x0000000082e00000, 0x0000000082e00000, 0x0000000082f00000|  0%| F|  |TAMS 0x0000000082e00000, 0x0000000082e00000| Untracked 
|  27|0x0000000082f00000, 0x0000000082f00000, 0x0000000083000000|  0%| F|  |TAMS 0x0000000082f00000, 0x0000000082f00000| Untracked 
|  28|0x0000000083000000, 0x0000000083000000, 0x0000000083100000|  0%| F|  |TAMS 0x0000000083000000, 0x0000000083000000| Untracked 
|  29|0x0000000083100000, 0x0000000083100000, 0x0000000083200000|  0%| F|  |TAMS 0x0000000083100000, 0x0000000083100000| Untracked 
|  30|0x0000000083200000, 0x0000000083200000, 0x0000000083300000|  0%| F|  |TAMS 0x0000000083200000, 0x0000000083200000| Untracked 
|  31|0x0000000083300000, 0x0000000083300000, 0x0000000083400000|  0%| F|  |TAMS 0x0000000083300000, 0x0000000083300000| Untracked 
|  32|0x0000000083400000, 0x0000000083400000, 0x0000000083500000|  0%| F|  |TAMS 0x0000000083400000, 0x0000000083400000| Untracked 
|  33|0x0000000083500000, 0x0000000083500000, 0x0000000083600000|  0%| F|  |TAMS 0x0000000083500000, 0x0000000083500000| Untracked 
|  34|0x0000000083600000, 0x0000000083600000, 0x0000000083700000|  0%| F|  |TAMS 0x0000000083600000, 0x0000000083600000| Untracked 
|  35|0x0000000083700000, 0x0000000083700000, 0x0000000083800000|  0%| F|  |TAMS 0x0000000083700000, 0x0000000083700000| Untracked 
|  36|0x0000000083800000, 0x0000000083800000, 0x0000000083900000|  0%| F|  |TAMS 0x0000000083800000, 0x0000000083800000| Untracked 
|  37|0x0000000083900000, 0x0000000083900000, 0x0000000083a00000|  0%| F|  |TAMS 0x0000000083900000, 0x0000000083900000| Untracked 
|  38|0x0000000083a00000, 0x0000000083a00000, 0x0000000083b00000|  0%| F|  |TAMS 0x0000000083a00000, 0x0000000083a00000| Untracked 
|  39|0x0000000083b00000, 0x0000000083b00000, 0x0000000083c00000|  0%| F|  |TAMS 0x0000000083b00000, 0x0000000083b00000| Untracked 
|  40|0x0000000083c00000, 0x0000000083c00000, 0x0000000083d00000|  0%| F|  |TAMS 0x0000000083c00000, 0x0000000083c00000| Untracked 
|  41|0x0000000083d00000, 0x0000000083d00000, 0x0000000083e00000|  0%| F|  |TAMS 0x0000000083d00000, 0x0000000083d00000| Untracked 
|  42|0x0000000083e00000, 0x0000000083e00000, 0x0000000083f00000|  0%| F|  |TAMS 0x0000000083e00000, 0x0000000083e00000| Untracked 
|  43|0x0000000083f00000, 0x0000000083f00000, 0x0000000084000000|  0%| F|  |TAMS 0x0000000083f00000, 0x0000000083f00000| Untracked 
|  44|0x0000000084000000, 0x0000000084000000, 0x0000000084100000|  0%| F|  |TAMS 0x0000000084000000, 0x0000000084000000| Untracked 
|  99|0x0000000087700000, 0x0000000087799e60, 0x0000000087800000| 60%| S|CS|TAMS 0x0000000087700000, 0x0000000087700000| Complete 
| 127|0x0000000089300000, 0x0000000089395d28, 0x0000000089400000| 58%| E|  |TAMS 0x0000000089300000, 0x0000000089300000| Complete 

Card table byte_map: [0x000001d3416f0000,0x000001d341af0000] _byte_map_base: 0x000001d3412e6000

Marking Bits (Prev, Next): (CMBitMap*) 0x000001d32ca41300, (CMBitMap*) 0x000001d32ca41340
 Prev Bits: [0x000001d341ef0000, 0x000001d343ea0000)
 Next Bits: [0x000001d343ea0000, 0x000001d345e50000)

Polling page: 0x000001d32caa0000

Metaspace:

Usage:
  Non-class:     34.51 MB used.
      Class:      4.82 MB used.
       Both:     39.33 MB used.

Virtual space:
  Non-class space:       64.00 MB reserved,      34.69 MB ( 54%) committed,  1 nodes.
      Class space:        1.00 GB reserved,       5.00 MB ( <1%) committed,  1 nodes.
             Both:        1.06 GB reserved,      39.69 MB (  4%) committed. 

Chunk freelists:
   Non-Class:  12.51 MB
       Class:  10.86 MB
        Both:  23.37 MB

MaxMetaspaceSize: unlimited
CompressedClassSpaceSize: 1.00 GB
Initial GC threshold: 21.00 MB
Current GC threshold: 58.75 MB
CDS: off
MetaspaceReclaimPolicy: balanced
 - commit_granule_bytes: 65536.
 - commit_granule_words: 8192.
 - virtual_space_node_default_size: 8388608.
 - enlarge_chunks_in_place: 1.
 - new_chunks_are_fully_committed: 0.
 - uncommit_free_chunks: 1.
 - use_allocation_guard: 0.
 - handle_deallocations: 1.


Internal statistics:

num_allocs_failed_limit: 6.
num_arena_births: 492.
num_arena_deaths: 0.
num_vsnodes_births: 2.
num_vsnodes_deaths: 0.
num_space_committed: 635.
num_space_uncommitted: 0.
num_chunks_returned_to_freelist: 6.
num_chunks_taken_from_freelist: 1618.
num_chunk_merges: 6.
num_chunk_splits: 1127.
num_chunks_enlarged: 843.
num_inconsistent_stats: 0.

CodeHeap 'non-profiled nmethods': size=120000Kb used=1929Kb max_used=1929Kb free=118070Kb
 bounds [0x000001d339350000, 0x000001d3395c0000, 0x000001d340880000]
CodeHeap 'profiled nmethods': size=120000Kb used=7832Kb max_used=7832Kb free=112168Kb
 bounds [0x000001d331880000, 0x000001d332030000, 0x000001d338db0000]
CodeHeap 'non-nmethods': size=5760Kb used=1226Kb max_used=1298Kb free=4533Kb
 bounds [0x000001d338db0000, 0x000001d339020000, 0x000001d339350000]
 total_blobs=4311 nmethods=3776 adapters=447
 compilation: enabled
              stopped_count=0, restarted_count=0
 full_count=0

Compilation events (20 events):
Event: 5.063 Thread 0x000001d3489aa1c0 3772       3       jdk.internal.loader.URLClassPath$1::next (59 bytes)
Event: 5.064 Thread 0x000001d3489aa1c0 nmethod 3772 0x000001d332020a10 code [0x000001d332020be0, 0x000001d332020ff8]
Event: 5.070 Thread 0x000001d34eb947b0 nmethod 3771 0x000001d339516590 code [0x000001d339516740, 0x000001d339516a50]
Event: 5.071 Thread 0x000001d34eb947b0 3696       4       org.springframework.core.annotation.TypeMappedAnnotations::get (52 bytes)
Event: 5.088 Thread 0x000001d3489a98b0 nmethod 3464 0x000001d339516d90 code [0x000001d3395173a0, 0x000001d33951ecc8]
Event: 5.092 Thread 0x000001d3489a98b0 3773   !   4       java.util.concurrent.ConcurrentHashMap::computeIfAbsent (576 bytes)
Event: 5.093 Thread 0x000001d3489aa1c0 3774       3       java.lang.reflect.Method::invoke (65 bytes)
Event: 5.094 Thread 0x000001d3489aa1c0 nmethod 3774 0x000001d332021110 code [0x000001d332021300, 0x000001d332021758]
Event: 5.094 Thread 0x000001d3489aa1c0 3775       3       jdk.internal.reflect.Reflection::verifyMemberAccess (200 bytes)
Event: 5.098 Thread 0x000001d3489aa1c0 nmethod 3775 0x000001d332021910 code [0x000001d332021e80, 0x000001d332024778]
Event: 5.098 Thread 0x000001d3489aa1c0 3776       3       jdk.internal.reflect.Reflection::verifyModuleAccess (24 bytes)
Event: 5.099 Thread 0x000001d3489aa1c0 nmethod 3776 0x000001d332025310 code [0x000001d332025520, 0x000001d332025a58]
Event: 5.099 Thread 0x000001d3489aa1c0 3777       3       java.net.URI::isOpaque (13 bytes)
Event: 5.099 Thread 0x000001d3489aa1c0 nmethod 3777 0x000001d332025c90 code [0x000001d332025e20, 0x000001d332025f98]
Event: 5.149 Thread 0x000001d3489a98b0 nmethod 3773 0x000001d339522f90 code [0x000001d3395231e0, 0x000001d3395250d0]
Event: 5.149 Thread 0x000001d3489a98b0 3712       4       org.springframework.boot.context.properties.source.ConfigurationPropertyName$ElementsParser::add (220 bytes)
Event: 5.194 Thread 0x000001d3489a98b0 nmethod 3712 0x000001d339526210 code [0x000001d3395264a0, 0x000001d339528470]
Event: 5.194 Thread 0x000001d3489a98b0 3356       4       java.lang.ThreadLocal::getMap (5 bytes)
Event: 5.194 Thread 0x000001d3489a98b0 nmethod 3356 0x000001d339529210 code [0x000001d339529380, 0x000001d339529418]
Event: 5.260 Thread 0x000001d348b5c840 nmethod 3673 0x000001d339529510 code [0x000001d339529b60, 0x000001d33952e970]

GC Heap History (20 events):
Event: 2.052 GC heap before
{Heap before GC invocations=1 (full 0):
 garbage-first heap   total 131072K, used 29347K [0x0000000081400000, 0x0000000100000000)
  region size 1024K, 28 young (28672K), 3 survivors (3072K)
 Metaspace       used 21322K, committed 21504K, reserved 1114112K
  class space    used 2254K, committed 2368K, reserved 1048576K
}
Event: 2.058 GC heap after
{Heap after GC invocations=2 (full 0):
 garbage-first heap   total 131072K, used 7255K [0x0000000081400000, 0x0000000100000000)
  region size 1024K, 3 young (3072K), 3 survivors (3072K)
 Metaspace       used 21322K, committed 21504K, reserved 1114112K
  class space    used 2254K, committed 2368K, reserved 1048576K
}
Event: 2.381 GC heap before
{Heap before GC invocations=3 (full 0):
 garbage-first heap   total 30720K, used 22615K [0x0000000081400000, 0x0000000100000000)
  region size 1024K, 18 young (18432K), 3 survivors (3072K)
 Metaspace       used 24859K, committed 25152K, reserved 1114112K
  class space    used 2777K, committed 2944K, reserved 1048576K
}
Event: 2.384 GC heap after
{Heap after GC invocations=4 (full 0):
 garbage-first heap   total 30720K, used 7787K [0x0000000081400000, 0x0000000100000000)
  region size 1024K, 1 young (1024K), 1 survivors (1024K)
 Metaspace       used 24859K, committed 25152K, reserved 1114112K
  class space    used 2777K, committed 2944K, reserved 1048576K
}
Event: 2.409 GC heap before
{Heap before GC invocations=4 (full 0):
 garbage-first heap   total 30720K, used 8811K [0x0000000081400000, 0x0000000100000000)
  region size 1024K, 2 young (2048K), 1 survivors (1024K)
 Metaspace       used 25189K, committed 25472K, reserved 1114112K
  class space    used 2817K, committed 2944K, reserved 1048576K
}
Event: 2.413 GC heap after
{Heap after GC invocations=5 (full 0):
 garbage-first heap   total 30720K, used 7906K [0x0000000081400000, 0x0000000100000000)
  region size 1024K, 1 young (1024K), 1 survivors (1024K)
 Metaspace       used 25189K, committed 25472K, reserved 1114112K
  class space    used 2817K, committed 2944K, reserved 1048576K
}
Event: 2.819 GC heap before
{Heap before GC invocations=5 (full 0):
 garbage-first heap   total 30720K, used 22242K [0x0000000081400000, 0x0000000100000000)
  region size 1024K, 15 young (15360K), 1 survivors (1024K)
 Metaspace       used 28501K, committed 28800K, reserved 1114112K
  class space    used 3242K, committed 3392K, reserved 1048576K
}
Event: 2.822 GC heap after
{Heap after GC invocations=6 (full 0):
 garbage-first heap   total 30720K, used 8487K [0x0000000081400000, 0x0000000100000000)
  region size 1024K, 1 young (1024K), 1 survivors (1024K)
 Metaspace       used 28501K, committed 28800K, reserved 1114112K
  class space    used 3242K, committed 3392K, reserved 1048576K
}
Event: 3.322 GC heap before
{Heap before GC invocations=6 (full 0):
 garbage-first heap   total 30720K, used 23847K [0x0000000081400000, 0x0000000100000000)
  region size 1024K, 16 young (16384K), 1 survivors (1024K)
 Metaspace       used 31793K, committed 32064K, reserved 1114112K
  class space    used 3749K, committed 3904K, reserved 1048576K
}
Event: 3.326 GC heap after
{Heap after GC invocations=7 (full 0):
 garbage-first heap   total 30720K, used 9756K [0x0000000081400000, 0x0000000100000000)
  region size 1024K, 2 young (2048K), 2 survivors (2048K)
 Metaspace       used 31793K, committed 32064K, reserved 1114112K
  class space    used 3749K, committed 3904K, reserved 1048576K
}
Event: 3.683 GC heap before
{Heap before GC invocations=7 (full 0):
 garbage-first heap   total 30720K, used 23068K [0x0000000081400000, 0x0000000100000000)
  region size 1024K, 16 young (16384K), 2 survivors (2048K)
 Metaspace       used 34609K, committed 34816K, reserved 1114112K
  class space    used 4124K, committed 4224K, reserved 1048576K
}
Event: 3.687 GC heap after
{Heap after GC invocations=8 (full 0):
 garbage-first heap   total 30720K, used 11672K [0x0000000081400000, 0x0000000100000000)
  region size 1024K, 2 young (2048K), 2 survivors (2048K)
 Metaspace       used 34609K, committed 34816K, reserved 1114112K
  class space    used 4124K, committed 4224K, reserved 1048576K
}
Event: 3.957 GC heap before
{Heap before GC invocations=8 (full 0):
 garbage-first heap   total 30720K, used 21912K [0x0000000081400000, 0x0000000100000000)
  region size 1024K, 13 young (13312K), 2 survivors (2048K)
 Metaspace       used 35670K, committed 35968K, reserved 1114112K
  class space    used 4260K, committed 4416K, reserved 1048576K
}
Event: 3.964 GC heap after
{Heap after GC invocations=9 (full 0):
 garbage-first heap   total 80896K, used 12357K [0x0000000081400000, 0x0000000100000000)
  region size 1024K, 1 young (1024K), 1 survivors (1024K)
 Metaspace       used 35670K, committed 35968K, reserved 1114112K
  class space    used 4260K, committed 4416K, reserved 1048576K
}
Event: 3.979 GC heap before
{Heap before GC invocations=9 (full 0):
 garbage-first heap   total 80896K, used 12357K [0x0000000081400000, 0x0000000100000000)
  region size 1024K, 2 young (2048K), 1 survivors (1024K)
 Metaspace       used 35727K, committed 35968K, reserved 1114112K
  class space    used 4266K, committed 4416K, reserved 1048576K
}
Event: 3.981 GC heap after
{Heap after GC invocations=10 (full 0):
 garbage-first heap   total 80896K, used 12258K [0x0000000081400000, 0x0000000100000000)
  region size 1024K, 1 young (1024K), 1 survivors (1024K)
 Metaspace       used 35727K, committed 35968K, reserved 1114112K
  class space    used 4266K, committed 4416K, reserved 1048576K
}
Event: 5.041 GC heap before
{Heap before GC invocations=11 (full 0):
 garbage-first heap   total 48128K, used 39906K [0x0000000081400000, 0x0000000100000000)
  region size 1024K, 28 young (28672K), 1 survivors (1024K)
 Metaspace       used 39959K, committed 40384K, reserved 1114112K
  class space    used 4890K, committed 5056K, reserved 1048576K
}
Event: 5.047 GC heap after
{Heap after GC invocations=12 (full 0):
 garbage-first heap   total 48128K, used 15159K [0x0000000081400000, 0x0000000100000000)
  region size 1024K, 4 young (4096K), 4 survivors (4096K)
 Metaspace       used 39959K, committed 40384K, reserved 1114112K
  class space    used 4890K, committed 5056K, reserved 1048576K
}
Event: 5.101 GC heap before
{Heap before GC invocations=12 (full 0):
 garbage-first heap   total 48128K, used 16183K [0x0000000081400000, 0x0000000100000000)
  region size 1024K, 5 young (5120K), 4 survivors (4096K)
 Metaspace       used 40206K, committed 40640K, reserved 1114112K
  class space    used 4931K, committed 5120K, reserved 1048576K
}
Event: 5.107 GC heap after
{Heap after GC invocations=13 (full 0):
 garbage-first heap   total 48128K, used 15681K [0x0000000081400000, 0x0000000100000000)
  region size 1024K, 1 young (1024K), 1 survivors (1024K)
 Metaspace       used 40206K, committed 40640K, reserved 1114112K
  class space    used 4931K, committed 5120K, reserved 1048576K
}

Dll operation events (9 events):
Event: 0.009 Loaded shared library C:\Users\ADMIN\.p2\pool\plugins\org.eclipse.justj.openjdk.hotspot.jre.full.win32.x86_64_17.0.8.v20230831-1047\jre\bin\java.dll
Event: 0.176 Loaded shared library C:\Users\ADMIN\.p2\pool\plugins\org.eclipse.justj.openjdk.hotspot.jre.full.win32.x86_64_17.0.8.v20230831-1047\jre\bin\net.dll
Event: 0.178 Loaded shared library C:\Users\ADMIN\.p2\pool\plugins\org.eclipse.justj.openjdk.hotspot.jre.full.win32.x86_64_17.0.8.v20230831-1047\jre\bin\nio.dll
Event: 0.187 Loaded shared library C:\Users\ADMIN\.p2\pool\plugins\org.eclipse.justj.openjdk.hotspot.jre.full.win32.x86_64_17.0.8.v20230831-1047\jre\bin\zip.dll
Event: 0.336 Loaded shared library C:\Users\ADMIN\.p2\pool\plugins\org.eclipse.justj.openjdk.hotspot.jre.full.win32.x86_64_17.0.8.v20230831-1047\jre\bin\jimage.dll
Event: 3.391 Loaded shared library C:\Users\ADMIN\.p2\pool\plugins\org.eclipse.justj.openjdk.hotspot.jre.full.win32.x86_64_17.0.8.v20230831-1047\jre\bin\sunmscapi.dll
Event: 5.004 Loaded shared library C:\Users\ADMIN\.p2\pool\plugins\org.eclipse.justj.openjdk.hotspot.jre.full.win32.x86_64_17.0.8.v20230831-1047\jre\bin\management.dll
Event: 5.007 Loaded shared library C:\Users\ADMIN\.p2\pool\plugins\org.eclipse.justj.openjdk.hotspot.jre.full.win32.x86_64_17.0.8.v20230831-1047\jre\bin\management_ext.dll
Event: 5.074 Loaded shared library C:\Users\ADMIN\.p2\pool\plugins\org.eclipse.justj.openjdk.hotspot.jre.full.win32.x86_64_17.0.8.v20230831-1047\jre\bin\verify.dll

Deoptimization events (20 events):
Event: 4.905 Thread 0x000001d32c8fd660 Uncommon trap: trap_request=0xffffffbe fr.pc=0x000001d339503940 relative=0x0000000000000800
Event: 4.905 Thread 0x000001d32c8fd660 Uncommon trap: reason=profile_predicate action=maybe_recompile pc=0x000001d339503940 method=java.lang.PublicMethods$MethodList.filter([Ljava/lang/reflect/Method;Ljava/lang/String;[Ljava/lang/Class;Z)Ljava/lang/PublicMethods$MethodList; @ 21 c2
Event: 4.905 Thread 0x000001d32c8fd660 DEOPT PACKING pc=0x000001d339503940 sp=0x00000017225fb5d0
Event: 4.905 Thread 0x000001d32c8fd660 DEOPT UNPACKING pc=0x000001d338e069a3 sp=0x00000017225fb588 mode 2
Event: 4.935 Thread 0x000001d32c8fd660 Uncommon trap: trap_request=0xffffff45 fr.pc=0x000001d3394edb38 relative=0x0000000000000a98
Event: 4.935 Thread 0x000001d32c8fd660 Uncommon trap: reason=unstable_if action=reinterpret pc=0x000001d3394edb38 method=org.springframework.beans.factory.support.DefaultSingletonBeanRegistry.getSingleton(Ljava/lang/String;Z)Ljava/lang/Object; @ 39 c2
Event: 4.935 Thread 0x000001d32c8fd660 DEOPT PACKING pc=0x000001d3394edb38 sp=0x00000017225fb530
Event: 4.935 Thread 0x000001d32c8fd660 DEOPT UNPACKING pc=0x000001d338e069a3 sp=0x00000017225fb4c8 mode 2
Event: 4.982 Thread 0x000001d32c8fd660 Uncommon trap: trap_request=0xffffff45 fr.pc=0x000001d339419460 relative=0x0000000000000060
Event: 4.982 Thread 0x000001d32c8fd660 Uncommon trap: reason=unstable_if action=reinterpret pc=0x000001d339419460 method=org.springframework.util.ConcurrentReferenceHashMap$Segment.clear()V @ 7 c2
Event: 4.982 Thread 0x000001d32c8fd660 DEOPT PACKING pc=0x000001d339419460 sp=0x00000017225fc320
Event: 4.982 Thread 0x000001d32c8fd660 DEOPT UNPACKING pc=0x000001d338e069a3 sp=0x00000017225fc2b0 mode 2
Event: 5.099 Thread 0x000001d32c8fd660 Uncommon trap: trap_request=0xffffffde fr.pc=0x000001d339428764 relative=0x00000000000014c4
Event: 5.099 Thread 0x000001d32c8fd660 Uncommon trap: reason=class_check action=maybe_recompile pc=0x000001d339428764 method=java.util.zip.InflaterInputStream.read([BII)I @ 100 c2
Event: 5.099 Thread 0x000001d32c8fd660 DEOPT PACKING pc=0x000001d339428764 sp=0x00000017225f9860
Event: 5.099 Thread 0x000001d32c8fd660 DEOPT UNPACKING pc=0x000001d338e069a3 sp=0x00000017225f98b0 mode 2
Event: 5.099 Thread 0x000001d32c8fd660 Uncommon trap: trap_request=0xffffffde fr.pc=0x000001d339428764 relative=0x00000000000014c4
Event: 5.099 Thread 0x000001d32c8fd660 Uncommon trap: reason=class_check action=maybe_recompile pc=0x000001d339428764 method=java.util.zip.InflaterInputStream.read([BII)I @ 100 c2
Event: 5.099 Thread 0x000001d32c8fd660 DEOPT PACKING pc=0x000001d339428764 sp=0x00000017225f9860
Event: 5.099 Thread 0x000001d32c8fd660 DEOPT UNPACKING pc=0x000001d338e069a3 sp=0x00000017225f98b0 mode 2

Classes unloaded (0 events):
No events

Classes redefined (0 events):
No events

Internal exceptions (20 events):
Event: 4.362 Thread 0x000001d32c8fd660 Exception <a 'java/lang/NoClassDefFoundError'{0x000000008386bd08}: org/flywaydb/core/Flyway> (0x000000008386bd08) 
thrown [s\src\hotspot\share\classfile\systemDictionary.cpp, line 245]
Event: 4.363 Thread 0x000001d32c8fd660 Exception <a 'java/lang/NoClassDefFoundError'{0x000000008386f008}: liquibase/integration/spring/SpringLiquibase> (0x000000008386f008) 
thrown [s\src\hotspot\share\classfile\systemDictionary.cpp, line 245]
Event: 4.511 Thread 0x000001d32c8fd660 Implicit null exception at 0x000001d3394c546d to 0x000001d3394c5ce8
Event: 4.660 Thread 0x000001d32c8fd660 Exception <a 'java/lang/NoSuchMethodError'{0x000000008310c608}: 'void java.lang.invoke.DirectMethodHandle$Holder.invokeInterface(java.lang.Object, java.lang.Object, int)'> (0x000000008310c608) 
thrown [s\src\hotspot\share\interpreter\linkResolver.cpp, line 759]
Event: 4.666 Thread 0x000001d32c8fd660 Exception <a 'java/lang/IncompatibleClassChangeError'{0x000000008315d9a0}: Found class java.lang.Object, but interface was expected> (0x000000008315d9a0) 
thrown [s\src\hotspot\share\interpreter\linkResolver.cpp, line 826]
Event: 4.667 Thread 0x000001d32c8fd660 Exception <a 'java/lang/NoSuchMethodError'{0x000000008316ea28}: 'int java.lang.invoke.DirectMethodHandle$Holder.invokeSpecialIFC(java.lang.Object, java.lang.Object, java.lang.Object)'> (0x000000008316ea28) 
thrown [s\src\hotspot\share\interpreter\linkResolver.cpp, line 759]
Event: 4.668 Thread 0x000001d32c8fd660 Exception <a 'java/lang/NoSuchMethodError'{0x000000008317cc28}: 'void java.lang.invoke.DirectMethodHandle$Holder.invokeStatic(java.lang.Object, int, java.lang.Object)'> (0x000000008317cc28) 
thrown [s\src\hotspot\share\interpreter\linkResolver.cpp, line 759]
Event: 4.751 Thread 0x000001d32c8fd660 Implicit null exception at 0x000001d33941c9cc to 0x000001d33941cbb8
Event: 4.857 Thread 0x000001d32c8fd660 Exception <a 'sun/nio/fs/WindowsException'{0x0000000082c9f0a8}> (0x0000000082c9f0a8) 
thrown [s\src\hotspot\share\prims\jni.cpp, line 516]
Event: 4.858 Thread 0x000001d32c8fd660 Exception <a 'sun/nio/fs/WindowsException'{0x0000000082ca37f8}> (0x0000000082ca37f8) 
thrown [s\src\hotspot\share\prims\jni.cpp, line 516]
Event: 4.888 Thread 0x000001d32c8fd660 Exception <a 'java/lang/IncompatibleClassChangeError'{0x0000000082bc7368}: Found class java.lang.Object, but interface was expected> (0x0000000082bc7368) 
thrown [s\src\hotspot\share\interpreter\linkResolver.cpp, line 826]
Event: 4.910 Thread 0x000001d32c8fd660 Exception <a 'java/lang/NoSuchMethodError'{0x0000000082a6ad28}: 'void java.lang.invoke.DirectMethodHandle$Holder.invokeVirtual(java.lang.Object, java.lang.Object, int)'> (0x0000000082a6ad28) 
thrown [s\src\hotspot\share\interpreter\linkResolver.cpp, line 759]
Event: 4.914 Thread 0x000001d32c8fd660 Exception <a 'java/lang/NoSuchMethodError'{0x0000000082a935d8}: 'void java.lang.invoke.DirectMethodHandle$Holder.invokeVirtual(java.lang.Object, java.lang.Object, long)'> (0x0000000082a935d8) 
thrown [s\src\hotspot\share\interpreter\linkResolver.cpp, line 759]
Event: 4.986 Thread 0x000001d32c8fd660 Exception <a 'java/lang/NoSuchMethodError'{0x00000000828ecd80}: 'java.lang.Object java.lang.invoke.DirectMethodHandle$Holder.newInvokeSpecial(java.lang.Object, java.lang.Object, int, java.lang.Object, java.lang.Object)'> (0x00000000828ecd80) 
thrown [s\src\hotspot\share\interpreter\linkResolver.cpp, line 759]
Event: 4.987 Thread 0x000001d32c8fd660 Exception <a 'java/lang/NoSuchMethodError'{0x00000000828f8948}: 'java.lang.Object java.lang.invoke.DirectMethodHandle$Holder.invokeSpecial(java.lang.Object, java.lang.Object, int, java.lang.Object, int, java.lang.Object)'> (0x00000000828f8948) 
thrown [s\src\hotspot\share\interpreter\linkResolver.cpp, line 759]
Event: 4.988 Thread 0x000001d32c8fd660 Exception <a 'java/lang/NoSuchMethodError'{0x0000000082701680}: 'java.lang.Object java.lang.invoke.DirectMethodHandle$Holder.newInvokeSpecial(java.lang.Object, java.lang.Object, int, java.lang.Object, int)'> (0x0000000082701680) 
thrown [s\src\hotspot\share\interpreter\linkResolver.cpp, line 759]
Event: 4.988 Thread 0x000001d32c8fd660 Exception <a 'java/lang/NoSuchMethodError'{0x0000000082705cd0}: 'java.lang.Object java.lang.invoke.DirectMethodHandle$Holder.invokeSpecial(java.lang.Object, java.lang.Object, java.lang.Object, int, java.lang.Object, int)'> (0x0000000082705cd0) 
thrown [s\src\hotspot\share\interpreter\linkResolver.cpp, line 759]
Event: 5.094 Thread 0x000001d32c8fd660 Exception <a 'java/lang/reflect/InvocationTargetException'{0x00000000893e0c58}> (0x00000000893e0c58) 
thrown [s\src\hotspot\share\runtime\reflection.cpp, line 1121]
Event: 5.116 Thread 0x000001d32c8fd660 Exception <a 'java/lang/NoSuchMethodError'{0x0000000089306d70}: 'void java.lang.invoke.DirectMethodHandle$Holder.invokeStatic(java.lang.Object, long)'> (0x0000000089306d70) 
thrown [s\src\hotspot\share\interpreter\linkResolver.cpp, line 759]
Event: 5.117 Thread 0x000001d32c8fd660 Exception <a 'java/lang/NoSuchMethodError'{0x000000008930c730}: 'java.lang.Object java.lang.invoke.DirectMethodHandle$Holder.newInvokeSpecial(java.lang.Object, long)'> (0x000000008930c730) 
thrown [s\src\hotspot\share\interpreter\linkResolver.cpp, line 759]

VM Operations (20 events):
Event: 4.211 Executing VM operation: HandshakeAllThreads
Event: 4.211 Executing VM operation: HandshakeAllThreads done
Event: 4.279 Executing VM operation: HandshakeAllThreads
Event: 4.279 Executing VM operation: HandshakeAllThreads done
Event: 4.347 Executing VM operation: HandshakeAllThreads
Event: 4.348 Executing VM operation: HandshakeAllThreads done
Event: 4.511 Executing VM operation: ICBufferFull
Event: 4.511 Executing VM operation: ICBufferFull done
Event: 4.543 Executing VM operation: HandshakeAllThreads
Event: 4.543 Executing VM operation: HandshakeAllThreads done
Event: 4.560 Executing VM operation: HandshakeAllThreads
Event: 4.560 Executing VM operation: HandshakeAllThreads done
Event: 4.703 Executing VM operation: HandshakeAllThreads
Event: 4.703 Executing VM operation: HandshakeAllThreads done
Event: 5.001 Executing VM operation: ICBufferFull
Event: 5.002 Executing VM operation: ICBufferFull done
Event: 5.041 Executing VM operation: G1CollectForAllocation
Event: 5.047 Executing VM operation: G1CollectForAllocation done
Event: 5.101 Executing VM operation: G1CollectForAllocation
Event: 5.107 Executing VM operation: G1CollectForAllocation done

Events (20 events):
Event: 5.100 loading class java/util/jar/JarVerifier
Event: 5.100 loading class java/util/jar/JarVerifier done
Event: 5.100 loading class java/security/CodeSigner
Event: 5.100 loading class java/security/CodeSigner done
Event: 5.101 loading class sun/security/util/ManifestEntryVerifier
Event: 5.101 loading class sun/security/util/ManifestEntryVerifier done
Event: 5.109 loading class java/lang/ProcessBuilder
Event: 5.109 loading class java/lang/ProcessBuilder done
Event: 5.109 loading class java/lang/ProcessImpl
Event: 5.110 loading class java/lang/Process
Event: 5.110 loading class java/lang/Process done
Event: 5.110 loading class java/lang/ProcessImpl done
Event: 5.117 loading class java/lang/ProcessImpl$2
Event: 5.118 loading class java/lang/ProcessImpl$2 done
Event: 5.118 loading class java/lang/Process$PipeInputStream
Event: 5.118 loading class java/lang/Process$PipeInputStream done
Event: 5.118 loading class jdk/internal/event/ProcessStartEvent
Event: 5.118 loading class jdk/internal/event/Event
Event: 5.118 loading class jdk/internal/event/Event done
Event: 5.118 loading class jdk/internal/event/ProcessStartEvent done


Dynamic libraries:
0x00007ff79b950000 - 0x00007ff79b95e000 	C:\Users\ADMIN\.p2\pool\plugins\org.eclipse.justj.openjdk.hotspot.jre.full.win32.x86_64_17.0.8.v20230831-1047\jre\bin\javaw.exe
0x00007ffdc4090000 - 0x00007ffdc4288000 	C:\Windows\SYSTEM32\ntdll.dll
0x00007ffdc3dc0000 - 0x00007ffdc3e7d000 	C:\Windows\System32\KERNEL32.DLL
0x00007ffdc1a90000 - 0x00007ffdc1d86000 	C:\Windows\System32\KERNELBASE.dll
0x00007ffdc1ff0000 - 0x00007ffdc20f0000 	C:\Windows\System32\ucrtbase.dll
0x00007ffdbb350000 - 0x00007ffdbb367000 	C:\Users\ADMIN\.p2\pool\plugins\org.eclipse.justj.openjdk.hotspot.jre.full.win32.x86_64_17.0.8.v20230831-1047\jre\bin\jli.dll
0x00007ffdbb4a0000 - 0x00007ffdbb4b9000 	C:\Users\ADMIN\.p2\pool\plugins\org.eclipse.justj.openjdk.hotspot.jre.full.win32.x86_64_17.0.8.v20230831-1047\jre\bin\VCRUNTIME140.dll
0x00007ffdc2660000 - 0x00007ffdc27fe000 	C:\Windows\System32\USER32.dll
0x00007ffdc1f00000 - 0x00007ffdc1f22000 	C:\Windows\System32\win32u.dll
0x00007ffdac5f0000 - 0x00007ffdac88a000 	C:\Windows\WinSxS\amd64_microsoft.windows.common-controls_6595b64144ccf1df_6.0.19041.3636_none_60b6a03d71f818d5\COMCTL32.dll
0x00007ffdc3d90000 - 0x00007ffdc3dbc000 	C:\Windows\System32\GDI32.dll
0x00007ffdc3f10000 - 0x00007ffdc3fae000 	C:\Windows\System32\msvcrt.dll
0x00007ffdc1de0000 - 0x00007ffdc1efa000 	C:\Windows\System32\gdi32full.dll
0x00007ffdc1940000 - 0x00007ffdc19dd000 	C:\Windows\System32\msvcp_win.dll
0x00007ffdc3b90000 - 0x00007ffdc3bc0000 	C:\Windows\System32\IMM32.DLL
0x00007ffdbbc10000 - 0x00007ffdbbc1c000 	C:\Users\ADMIN\.p2\pool\plugins\org.eclipse.justj.openjdk.hotspot.jre.full.win32.x86_64_17.0.8.v20230831-1047\jre\bin\vcruntime140_1.dll
0x00007ffd8e8f0000 - 0x00007ffd8e981000 	C:\Users\ADMIN\.p2\pool\plugins\org.eclipse.justj.openjdk.hotspot.jre.full.win32.x86_64_17.0.8.v20230831-1047\jre\bin\msvcp140.dll
0x00007ffd80f80000 - 0x00007ffd81bcc000 	C:\Users\ADMIN\.p2\pool\plugins\org.eclipse.justj.openjdk.hotspot.jre.full.win32.x86_64_17.0.8.v20230831-1047\jre\bin\server\jvm.dll
0x00007ffdc20f0000 - 0x00007ffdc219f000 	C:\Windows\System32\ADVAPI32.dll
0x00007ffdc3fb0000 - 0x00007ffdc404c000 	C:\Windows\System32\sechost.dll
0x00007ffdc2800000 - 0x00007ffdc2926000 	C:\Windows\System32\RPCRT4.dll
0x00007ffdc0cc0000 - 0x00007ffdc0d0b000 	C:\Windows\SYSTEM32\POWRPROF.dll
0x00007ffda9970000 - 0x00007ffda9997000 	C:\Windows\SYSTEM32\WINMM.dll
0x00007ffdab360000 - 0x00007ffdab369000 	C:\Windows\SYSTEM32\WSOCK32.dll
0x00007ffdbaad0000 - 0x00007ffdbaada000 	C:\Windows\SYSTEM32\VERSION.dll
0x00007ffdc34a0000 - 0x00007ffdc350b000 	C:\Windows\System32\WS2_32.dll
0x00007ffdc0b90000 - 0x00007ffdc0ba2000 	C:\Windows\SYSTEM32\UMPDC.dll
0x00007ffdbffc0000 - 0x00007ffdbffd2000 	C:\Windows\SYSTEM32\kernel.appcore.dll
0x00007ffdb9ac0000 - 0x00007ffdb9aca000 	C:\Users\ADMIN\.p2\pool\plugins\org.eclipse.justj.openjdk.hotspot.jre.full.win32.x86_64_17.0.8.v20230831-1047\jre\bin\jimage.dll
0x00007ffdbf530000 - 0x00007ffdbf714000 	C:\Windows\SYSTEM32\DBGHELP.DLL
0x00007ffdaa920000 - 0x00007ffdaa954000 	C:\Windows\SYSTEM32\dbgcore.DLL
0x00007ffdc1f60000 - 0x00007ffdc1fe2000 	C:\Windows\System32\bcryptPrimitives.dll
0x00007ffdb99c0000 - 0x00007ffdb99e5000 	C:\Users\ADMIN\.p2\pool\plugins\org.eclipse.justj.openjdk.hotspot.jre.full.win32.x86_64_17.0.8.v20230831-1047\jre\bin\java.dll
0x00007ffdb50b0000 - 0x00007ffdb50c8000 	C:\Users\ADMIN\.p2\pool\plugins\org.eclipse.justj.openjdk.hotspot.jre.full.win32.x86_64_17.0.8.v20230831-1047\jre\bin\zip.dll
0x00007ffdc2a30000 - 0x00007ffdc3175000 	C:\Windows\System32\SHELL32.dll
0x00007ffdbf810000 - 0x00007ffdbffab000 	C:\Windows\SYSTEM32\windows.storage.dll
0x00007ffdc2220000 - 0x00007ffdc2574000 	C:\Windows\System32\combase.dll
0x00007ffdc11b0000 - 0x00007ffdc11dd000 	C:\Windows\SYSTEM32\Wldp.dll
0x00007ffdc3ce0000 - 0x00007ffdc3d8d000 	C:\Windows\System32\SHCORE.dll
0x00007ffdc3510000 - 0x00007ffdc3565000 	C:\Windows\System32\shlwapi.dll
0x00007ffdc16a0000 - 0x00007ffdc16c5000 	C:\Windows\SYSTEM32\profapi.dll
0x00007ffdb5090000 - 0x00007ffdb50a9000 	C:\Users\ADMIN\.p2\pool\plugins\org.eclipse.justj.openjdk.hotspot.jre.full.win32.x86_64_17.0.8.v20230831-1047\jre\bin\net.dll
0x00007ffdb8f40000 - 0x00007ffdb904a000 	C:\Windows\SYSTEM32\WINHTTP.dll
0x00007ffdc0f10000 - 0x00007ffdc0f7a000 	C:\Windows\system32\mswsock.dll
0x00007ffdaecc0000 - 0x00007ffdaecd5000 	C:\Users\ADMIN\.p2\pool\plugins\org.eclipse.justj.openjdk.hotspot.jre.full.win32.x86_64_17.0.8.v20230831-1047\jre\bin\nio.dll
0x00007ffdc0bb0000 - 0x00007ffdc0beb000 	C:\Windows\SYSTEM32\IPHLPAPI.DLL
0x00007ffdc2200000 - 0x00007ffdc2208000 	C:\Windows\System32\NSI.dll
0x00007ffdb9db0000 - 0x00007ffdb9dc7000 	C:\Windows\SYSTEM32\dhcpcsvc6.DLL
0x00007ffdba870000 - 0x00007ffdba88d000 	C:\Windows\SYSTEM32\dhcpcsvc.DLL
0x00007ffdc0bf0000 - 0x00007ffdc0cba000 	C:\Windows\SYSTEM32\DNSAPI.dll
0x00007ffdb9830000 - 0x00007ffdb983e000 	C:\Users\ADMIN\.p2\pool\plugins\org.eclipse.justj.openjdk.hotspot.jre.full.win32.x86_64_17.0.8.v20230831-1047\jre\bin\sunmscapi.dll
0x00007ffdc1770000 - 0x00007ffdc18cd000 	C:\Windows\System32\CRYPT32.dll
0x00007ffdc1220000 - 0x00007ffdc1247000 	C:\Windows\SYSTEM32\ncrypt.dll
0x00007ffdc11e0000 - 0x00007ffdc121b000 	C:\Windows\SYSTEM32\NTASN1.dll
0x00007ffdbb700000 - 0x00007ffdbb709000 	C:\Users\ADMIN\.p2\pool\plugins\org.eclipse.justj.openjdk.hotspot.jre.full.win32.x86_64_17.0.8.v20230831-1047\jre\bin\management.dll
0x00007ffdbb5f0000 - 0x00007ffdbb5fb000 	C:\Users\ADMIN\.p2\pool\plugins\org.eclipse.justj.openjdk.hotspot.jre.full.win32.x86_64_17.0.8.v20230831-1047\jre\bin\management_ext.dll
0x00007ffdc2210000 - 0x00007ffdc2218000 	C:\Windows\System32\PSAPI.DLL
0x00007ffdb98b0000 - 0x00007ffdb98c0000 	C:\Users\ADMIN\.p2\pool\plugins\org.eclipse.justj.openjdk.hotspot.jre.full.win32.x86_64_17.0.8.v20230831-1047\jre\bin\verify.dll

dbghelp: loaded successfully - version: 4.0.5 - missing functions: none
symbol engine: initialized successfully - sym options: 0x614 - pdb path: .;C:\Users\ADMIN\.p2\pool\plugins\org.eclipse.justj.openjdk.hotspot.jre.full.win32.x86_64_17.0.8.v20230831-1047\jre\bin;C:\Windows\SYSTEM32;C:\Windows\WinSxS\amd64_microsoft.windows.common-controls_6595b64144ccf1df_6.0.19041.3636_none_60b6a03d71f818d5;C:\Users\ADMIN\.p2\pool\plugins\org.eclipse.justj.openjdk.hotspot.jre.full.win32.x86_64_17.0.8.v20230831-1047\jre\bin\server

VM Arguments:
jvm_args: -ea -Dfile.encoding=UTF-8 -Dstdout.encoding=UTF-8 -Dstderr.encoding=UTF-8 -XX:+ShowCodeDetailsInExceptionMessages 
java_command: org.eclipse.jdt.internal.junit.runner.RemoteTestRunner -version 3 -port 64489 -testLoaderClass org.eclipse.jdt.internal.junit5.runner.JUnit5TestLoader -loaderpluginname org.eclipse.jdt.junit5.runtime -packageNameFile C:\Users\ADMIN\AppData\Local\Temp\packageNames12141623005627790900.txt
java_class_path (initial): C:\ticket-app\target\test-classes;C:\ticket-app\target\classes;C:\Users\ADMIN\.m2\repository\org\springframework\boot\spring-boot-starter-web\3.2.1\spring-boot-starter-web-3.2.1.jar;C:\Users\ADMIN\.m2\repository\org\springframework\boot\spring-boot-starter\3.2.1\spring-boot-starter-3.2.1.jar;C:\Users\ADMIN\.m2\repository\org\springframework\boot\spring-boot\3.2.1\spring-boot-3.2.1.jar;C:\Users\ADMIN\.m2\repository\org\springframework\boot\spring-boot-autoconfigure\3.2.1\spring-boot-autoconfigure-3.2.1.jar;C:\Users\ADMIN\.m2\repository\org\springframework\boot\spring-boot-starter-logging\3.2.1\spring-boot-starter-logging-3.2.1.jar;C:\Users\ADMIN\.m2\repository\ch\qos\logback\logback-classic\1.4.14\logback-classic-1.4.14.jar;C:\Users\ADMIN\.m2\repository\ch\qos\logback\logback-core\1.4.14\logback-core-1.4.14.jar;C:\Users\ADMIN\.m2\repository\org\apache\logging\log4j\log4j-to-slf4j\2.21.1\log4j-to-slf4j-2.21.1.jar;C:\Users\ADMIN\.m2\repository\org\apache\logging\log4j\log4j-api\2.21.1\log4j-api-2.21.1.jar;C:\Users\ADMIN\.m2\repository\org\slf4j\jul-to-slf4j\2.0.9\jul-to-slf4j-2.0.9.jar;C:\Users\ADMIN\.m2\repository\jakarta\annotation\jakarta.annotation-api\2.1.1\jakarta.annotation-api-2.1.1.jar;C:\Users\ADMIN\.m2\repository\org\yaml\snakeyaml\2.2\snakeyaml-2.2.jar;C:\Users\ADMIN\.m2\repository\org\springframework\boot\spring-boot-starter-json\3.2.1\spring-boot-starter-json-3.2.1.jar;C:\Users\ADMIN\.m2\repository\com\fasterxml\jackson\core\jackson-databind\2.15.3\jackson-databind-2.15.3.jar;C:\Users\ADMIN\.m2\repository\com\fasterxml\jackson\core\jackson-annotations\2.15.3\jackson-annotations-2.15.3.jar;C:\Users\ADMIN\.m2\repository\com\fasterxml\jackson\core\jackson-core\2.15.3\jackson-core-2.15.3.jar;C:\Users\ADMIN\.m2\repository\com\fasterxml\jackson\datatype\jackson-datatype-jdk8\2.15.3\jackson-datatype-jdk8-2.15.3.jar;C:\Users\ADMIN\.m2\repository\com\fasterxml\jackson\datatype\jackson-datatype-jsr310\2.15.3\jackson-datatype-jsr310-2.15
Launcher Type: SUN_STANDARD

[Global flags]
     intx CICompilerCount                          = 4                                         {product} {ergonomic}
     uint ConcGCThreads                            = 2                                         {product} {ergonomic}
     uint G1ConcRefinementThreads                  = 8                                         {product} {ergonomic}
   size_t G1HeapRegionSize                         = 1048576                                   {product} {ergonomic}
    uintx GCDrainStackTargetSize                   = 64                                        {product} {ergonomic}
   size_t InitialHeapSize                          = 134217728                                 {product} {ergonomic}
   size_t MarkStackSize                            = 4194304                                   {product} {ergonomic}
   size_t MaxHeapSize                              = 2126512128                                {product} {ergonomic}
   size_t MaxNewSize                               = 1275068416                                {product} {ergonomic}
   size_t MinHeapDeltaBytes                        = 1048576                                   {product} {ergonomic}
   size_t MinHeapSize                              = 8388608                                   {product} {ergonomic}
    uintx NonNMethodCodeHeapSize                   = 5839372                                {pd product} {ergonomic}
    uintx NonProfiledCodeHeapSize                  = 122909434                              {pd product} {ergonomic}
    uintx ProfiledCodeHeapSize                     = 122909434                              {pd product} {ergonomic}
    uintx ReservedCodeCacheSize                    = 251658240                              {pd product} {ergonomic}
     bool SegmentedCodeCache                       = true                                      {product} {ergonomic}
     bool ShowCodeDetailsInExceptionMessages       = true                                   {manageable} {command line}
   size_t SoftMaxHeapSize                          = 2126512128                             {manageable} {ergonomic}
     bool UseCompressedClassPointers               = true                           {product lp64_product} {ergonomic}
     bool UseCompressedOops                        = true                           {product lp64_product} {ergonomic}
     bool UseG1GC                                  = true                                      {product} {ergonomic}
     bool UseLargePagesIndividualAllocation        = false                                  {pd product} {ergonomic}

Logging:
Log output configuration:
 #0: stdout all=warning uptime,level,tags
 #1: stderr all=off uptime,level,tags

Environment Variables:
PATH=C:/Users/ADMIN/.p2/pool/plugins/org.eclipse.justj.openjdk.hotspot.jre.full.win32.x86_64_17.0.8.v20230831-1047/jre/bin/server;C:/Users/ADMIN/.p2/pool/plugins/org.eclipse.justj.openjdk.hotspot.jre.full.win32.x86_64_17.0.8.v20230831-1047/jre/bin;C:\Windows\system32;C:\Windows;C:\Windows\System32\Wbem;C:\Windows\System32\WindowsPowerShell\v1.0\;C:\Windows\System32\OpenSSH\;C:\Program Files\dotnet\;C:\Windows\IsmFiles;C:\Users\ADMIN\AppData\Local\Microsoft\WindowsApps;C:\Users\ADMIN\AppData\Local\JetBrains\Toolbox\scripts;;C:\Windows\System32;
USERNAME=ADMIN
OS=Windows_NT
PROCESSOR_IDENTIFIER=Intel64 Family 6 Model 142 Stepping 10, GenuineIntel
TMP=C:\Users\ADMIN\AppData\Local\Temp
TEMP=C:\Users\ADMIN\AppData\Local\Temp



---------------  S Y S T E M  ---------------

OS:
 Windows 10 , 64 bit Build 19041 (10.0.19041.3636)
OS uptime: 10 days 14:16 hours

CPU: total 8 (initial active 8) (4 cores per cpu, 2 threads per core) family 6 model 142 stepping 10 microcode 0xb4, cx8, cmov, fxsr, ht, mmx, 3dnowpref, sse, sse2, sse3, ssse3, sse4.1, sse4.2, popcnt, lzcnt, tsc, tscinvbit, avx, avx2, aes, erms, clmul, bmi1, bmi2, adx, fma, vzeroupper, clflush, clflushopt
Processor Information for processor 0
  Max Mhz: 1801, Current Mhz: 1801, Mhz Limit: 1801
Processor Information for processor 1
  Max Mhz: 1801, Current Mhz: 1500, Mhz Limit: 1801
Processor Information for processor 2
  Max Mhz: 1801, Current Mhz: 1801, Mhz Limit: 1801
Processor Information for processor 3
  Max Mhz: 1801, Current Mhz: 1500, Mhz Limit: 1801
Processor Information for processor 4
  Max Mhz: 1801, Current Mhz: 1801, Mhz Limit: 1801
Processor Information for processor 5
  Max Mhz: 1801, Current Mhz: 1801, Mhz Limit: 1801
Processor Information for processor 6
  Max Mhz: 1801, Current Mhz: 1801, Mhz Limit: 1801
Processor Information for processor 7
  Max Mhz: 1801, Current Mhz: 1801, Mhz Limit: 1801

Memory: 4k page, system-wide physical 8107M (956M free)
TotalPageFile size 10155M (AvailPageFile size 5M)
current process WorkingSet (physical memory assigned to process): 173M, peak: 186M
current process commit charge ("private bytes"): 209M, peak: 252M

vm_info: OpenJDK 64-Bit Server VM (17.0.8.1+1) for windows-amd64 JRE (17.0.8.1+1), built on Aug 23 2023 15:29:17 by "admin" with MS VC++ 16.7 (VS2019)

END.
