#
# There is insufficient memory for the Java Runtime Environment to continue.
# Native memory allocation (mmap) failed to map 134217728 bytes for G1 virtual space
# Possible reasons:
#   The system is out of physical RAM or swap space
#   The process is running with CompressedOops enabled, and the Java Heap may be blocking the growth of the native heap
# Possible solutions:
#   Reduce memory load on the system
#   Increase physical memory or swap space
#   Check if swap backing store is full
#   Decrease Java heap size (-Xmx/-Xms)
#   Decrease number of Java threads
#   Decrease Java thread stack sizes (-Xss)
#   Set larger code cache with -XX:ReservedCodeCacheSize=
#   JVM is running with Unscaled Compressed Oops mode in which the Java heap is
#     placed in the first 4GB address space. The Java Heap base address is the
#     maximum limit for the native heap growth. Please use -XX:HeapBaseMinAddress
#     to set the Java Heap base and to place the Java Heap above 4GB virtual address.
# This output file may be truncated or incomplete.
#
#  Out of Memory Error (os_windows.cpp:3617), pid=19132, tid=19832
#
# JRE version:  (17.0.8.1+1) (build )
# Java VM: OpenJDK 64-Bit Server VM (17.0.8.1+1, mixed mode, sharing, tiered, compressed oops, compressed class ptrs, g1 gc, windows-amd64)
# No core dump will be written. Minidumps are not enabled by default on client versions of Windows
#

---------------  S U M M A R Y ------------

Command Line: -Dnet.bytebuddy.agent.attacher.dump= net.bytebuddy.agent.Attacher com.sun.tools.attach.VirtualMachine 16724 C:\Users\ADMIN\.m2\repository\net\bytebuddy\byte-buddy-agent\1.14.10\byte-buddy-agent-1.14.10.jar false 

Host: Intel(R) Core(TM) i5-8250U CPU @ 1.60GHz, 8 cores, 7G,  Windows 10 , 64 bit Build 19041 (10.0.19041.3636)
Time: Thu Jan 11 11:03:25 2024 India Standard Time elapsed time: 0.014343 seconds (0d 0h 0m 0s)

---------------  T H R E A D  ---------------

Current thread (0x0000025c35ea6000):  JavaThread "Unknown thread" [_thread_in_vm, id=19832, stack(0x00000090f5200000,0x00000090f5300000)]

Stack: [0x00000090f5200000,0x00000090f5300000]
Native frames: (J=compiled Java code, j=interpreted, Vv=VM code, C=native code)
V  [jvm.dll+0x678b0a]
V  [jvm.dll+0x835e84]
V  [jvm.dll+0x83762e]
V  [jvm.dll+0x837c93]
V  [jvm.dll+0x24746f]
V  [jvm.dll+0x675859]
V  [jvm.dll+0x66a0ea]
V  [jvm.dll+0x306c7b]
V  [jvm.dll+0x30e166]
V  [jvm.dll+0x35dd3e]
V  [jvm.dll+0x35df6f]
V  [jvm.dll+0x2ddb48]
V  [jvm.dll+0x2deab4]
V  [jvm.dll+0x807f31]
V  [jvm.dll+0x36bb21]
V  [jvm.dll+0x7e733c]
V  [jvm.dll+0x3ee4af]
V  [jvm.dll+0x3f00c1]
C  [jli.dll+0x528b]
C  [ucrtbase.dll+0x21bb2]
C  [KERNEL32.DLL+0x17344]
C  [ntdll.dll+0x526b1]


---------------  P R O C E S S  ---------------

Threads class SMR info:
_java_thread_list=0x00007ffd81a9a018, length=0, elements={
}

Java Threads: ( => current thread )

Other Threads:
  0x0000025c35f01770 GCTaskThread "GC Thread#0" [stack: 0x00000090f5300000,0x00000090f5400000] [id=4376]
  0x0000025c35f12440 ConcurrentGCThread "G1 Main Marker" [stack: 0x00000090f5400000,0x00000090f5500000] [id=14068]
  0x0000025c35f135f0 ConcurrentGCThread "G1 Conc#0" [stack: 0x00000090f5500000,0x00000090f5600000] [id=10076]

[error occurred during error reporting (printing all threads), id 0xc0000005, EXCEPTION_ACCESS_VIOLATION (0xc0000005) at pc=0x00007ffd8126e587]

VM state: not at safepoint (not fully initialized)

VM Mutex/Monitor currently owned by a thread:  ([mutex/lock_event])
[0x0000025c35ea0540] Heap_lock - owner thread: 0x0000025c35ea6000

Heap address: 0x0000000081400000, size: 2028 MB, Compressed Oops mode: 32-bit

CDS archive(s) mapped at: [0x0000000000000000-0x0000000000000000-0x0000000000000000), size 0, SharedBaseAddress: 0x0000000800000000, ArchiveRelocationMode: 1.
Narrow klass base: 0x0000000000000000, Narrow klass shift: 0, Narrow klass range: 0x0

GC Precious Log:
<Empty>

Heap:
 garbage-first heap   total 0K, used 0K [0x0000000081400000, 0x0000000100000000)
  region size 1024K, 0 young (0K), 0 survivors (0K)

[error occurred during error reporting (printing heap information), id 0xc0000005, EXCEPTION_ACCESS_VIOLATION (0xc0000005) at pc=0x00007ffd81652699]

GC Heap History (0 events):
No events

Dll operation events (1 events):
Event: 0.009 Loaded shared library C:\Users\ADMIN\.p2\pool\plugins\org.eclipse.justj.openjdk.hotspot.jre.full.win32.x86_64_17.0.8.v20230831-1047\jre\bin\java.dll

Deoptimization events (0 events):
No events

Classes unloaded (0 events):
No events

Classes redefined (0 events):
No events

Internal exceptions (0 events):
No events

VM Operations (0 events):
No events

Events (0 events):
No events


Dynamic libraries:
0x00007ff789e90000 - 0x00007ff789e9e000 	C:\Users\ADMIN\.p2\pool\plugins\org.eclipse.justj.openjdk.hotspot.jre.full.win32.x86_64_17.0.8.v20230831-1047\jre\bin\java.exe
0x00007ffdc4090000 - 0x00007ffdc4288000 	C:\Windows\SYSTEM32\ntdll.dll
0x00007ffdc3dc0000 - 0x00007ffdc3e7d000 	C:\Windows\System32\KERNEL32.DLL
0x00007ffdc1a90000 - 0x00007ffdc1d86000 	C:\Windows\System32\KERNELBASE.dll
0x00007ffdc1ff0000 - 0x00007ffdc20f0000 	C:\Windows\System32\ucrtbase.dll
0x00007ffdbb350000 - 0x00007ffdbb367000 	C:\Users\ADMIN\.p2\pool\plugins\org.eclipse.justj.openjdk.hotspot.jre.full.win32.x86_64_17.0.8.v20230831-1047\jre\bin\jli.dll
0x00007ffdbb4a0000 - 0x00007ffdbb4b9000 	C:\Users\ADMIN\.p2\pool\plugins\org.eclipse.justj.openjdk.hotspot.jre.full.win32.x86_64_17.0.8.v20230831-1047\jre\bin\VCRUNTIME140.dll
0x00007ffdc2660000 - 0x00007ffdc27fe000 	C:\Windows\System32\USER32.dll
0x00007ffdc1f00000 - 0x00007ffdc1f22000 	C:\Windows\System32\win32u.dll
0x00007ffdac5f0000 - 0x00007ffdac88a000 	C:\Windows\WinSxS\amd64_microsoft.windows.common-controls_6595b64144ccf1df_6.0.19041.3636_none_60b6a03d71f818d5\COMCTL32.dll
0x00007ffdc3d90000 - 0x00007ffdc3dbc000 	C:\Windows\System32\GDI32.dll
0x00007ffdc3f10000 - 0x00007ffdc3fae000 	C:\Windows\System32\msvcrt.dll
0x00007ffdc1de0000 - 0x00007ffdc1efa000 	C:\Windows\System32\gdi32full.dll
0x00007ffdc1940000 - 0x00007ffdc19dd000 	C:\Windows\System32\msvcp_win.dll
0x00007ffdc3b90000 - 0x00007ffdc3bc0000 	C:\Windows\System32\IMM32.DLL
0x00007ffdbbc10000 - 0x00007ffdbbc1c000 	C:\Users\ADMIN\.p2\pool\plugins\org.eclipse.justj.openjdk.hotspot.jre.full.win32.x86_64_17.0.8.v20230831-1047\jre\bin\vcruntime140_1.dll
0x00007ffd8e8f0000 - 0x00007ffd8e981000 	C:\Users\ADMIN\.p2\pool\plugins\org.eclipse.justj.openjdk.hotspot.jre.full.win32.x86_64_17.0.8.v20230831-1047\jre\bin\msvcp140.dll
0x00007ffd80f80000 - 0x00007ffd81bcc000 	C:\Users\ADMIN\.p2\pool\plugins\org.eclipse.justj.openjdk.hotspot.jre.full.win32.x86_64_17.0.8.v20230831-1047\jre\bin\server\jvm.dll
0x00007ffdc20f0000 - 0x00007ffdc219f000 	C:\Windows\System32\ADVAPI32.dll
0x00007ffdc3fb0000 - 0x00007ffdc404c000 	C:\Windows\System32\sechost.dll
0x00007ffdc2800000 - 0x00007ffdc2926000 	C:\Windows\System32\RPCRT4.dll
0x00007ffdc0cc0000 - 0x00007ffdc0d0b000 	C:\Windows\SYSTEM32\POWRPROF.dll
0x00007ffdab360000 - 0x00007ffdab369000 	C:\Windows\SYSTEM32\WSOCK32.dll
0x00007ffdbaad0000 - 0x00007ffdbaada000 	C:\Windows\SYSTEM32\VERSION.dll
0x00007ffda9970000 - 0x00007ffda9997000 	C:\Windows\SYSTEM32\WINMM.dll
0x00007ffdc34a0000 - 0x00007ffdc350b000 	C:\Windows\System32\WS2_32.dll
0x00007ffdc0b90000 - 0x00007ffdc0ba2000 	C:\Windows\SYSTEM32\UMPDC.dll
0x00007ffdbffc0000 - 0x00007ffdbffd2000 	C:\Windows\SYSTEM32\kernel.appcore.dll
0x00007ffdb9ac0000 - 0x00007ffdb9aca000 	C:\Users\ADMIN\.p2\pool\plugins\org.eclipse.justj.openjdk.hotspot.jre.full.win32.x86_64_17.0.8.v20230831-1047\jre\bin\jimage.dll
0x00007ffdbf530000 - 0x00007ffdbf714000 	C:\Windows\SYSTEM32\DBGHELP.DLL
0x00007ffdaa920000 - 0x00007ffdaa954000 	C:\Windows\SYSTEM32\dbgcore.DLL
0x00007ffdc1f60000 - 0x00007ffdc1fe2000 	C:\Windows\System32\bcryptPrimitives.dll
0x00007ffdb99c0000 - 0x00007ffdb99e5000 	C:\Users\ADMIN\.p2\pool\plugins\org.eclipse.justj.openjdk.hotspot.jre.full.win32.x86_64_17.0.8.v20230831-1047\jre\bin\java.dll

dbghelp: loaded successfully - version: 4.0.5 - missing functions: none
symbol engine: initialized successfully - sym options: 0x614 - pdb path: .;C:\Users\ADMIN\.p2\pool\plugins\org.eclipse.justj.openjdk.hotspot.jre.full.win32.x86_64_17.0.8.v20230831-1047\jre\bin;C:\Windows\SYSTEM32;C:\Windows\WinSxS\amd64_microsoft.windows.common-controls_6595b64144ccf1df_6.0.19041.3636_none_60b6a03d71f818d5;C:\Users\ADMIN\.p2\pool\plugins\org.eclipse.justj.openjdk.hotspot.jre.full.win32.x86_64_17.0.8.v20230831-1047\jre\bin\server

VM Arguments:
jvm_args: -Dnet.bytebuddy.agent.attacher.dump= 
java_command: net.bytebuddy.agent.Attacher com.sun.tools.attach.VirtualMachine 16724 C:\Users\ADMIN\.m2\repository\net\bytebuddy\byte-buddy-agent\1.14.10\byte-buddy-agent-1.14.10.jar false 
java_class_path (initial): C:\Users\ADMIN\.m2\repository\net\bytebuddy\byte-buddy-agent\1.14.10\byte-buddy-agent-1.14.10.jar
Launcher Type: SUN_STANDARD

[Global flags]
     intx CICompilerCount                          = 4                                         {product} {ergonomic}
     uint ConcGCThreads                            = 2                                         {product} {ergonomic}
     uint G1ConcRefinementThreads                  = 8                                         {product} {ergonomic}
   size_t G1HeapRegionSize                         = 1048576                                   {product} {ergonomic}
    uintx GCDrainStackTargetSize                   = 64                                        {product} {ergonomic}
   size_t InitialHeapSize                          = 134217728                                 {product} {ergonomic}
   size_t MarkStackSize                            = 4194304                                   {product} {ergonomic}
   size_t MaxHeapSize                              = 2126512128                                {product} {ergonomic}
   size_t MinHeapDeltaBytes                        = 1048576                                   {product} {ergonomic}
   size_t MinHeapSize                              = 8388608                                   {product} {ergonomic}
    uintx NonNMethodCodeHeapSize                   = 5839372                                {pd product} {ergonomic}
    uintx NonProfiledCodeHeapSize                  = 122909434                              {pd product} {ergonomic}
    uintx ProfiledCodeHeapSize                     = 122909434                              {pd product} {ergonomic}
    uintx ReservedCodeCacheSize                    = 251658240                              {pd product} {ergonomic}
     bool SegmentedCodeCache                       = true                                      {product} {ergonomic}
   size_t SoftMaxHeapSize                          = 2126512128                             {manageable} {ergonomic}
     bool UseCompressedClassPointers               = true                           {product lp64_product} {ergonomic}
     bool UseCompressedOops                        = true                           {product lp64_product} {ergonomic}
     bool UseG1GC                                  = true                                      {product} {ergonomic}
     bool UseLargePagesIndividualAllocation        = false                                  {pd product} {ergonomic}

Logging:
Log output configuration:
 #0: stdout all=warning uptime,level,tags
 #1: stderr all=off uptime,level,tags

Environment Variables:
PATH=C:/Users/ADMIN/.p2/pool/plugins/org.eclipse.justj.openjdk.hotspot.jre.full.win32.x86_64_17.0.8.v20230831-1047/jre/bin/server;C:/Users/ADMIN/.p2/pool/plugins/org.eclipse.justj.openjdk.hotspot.jre.full.win32.x86_64_17.0.8.v20230831-1047/jre/bin;C:\Windows\system32;C:\Windows;C:\Windows\System32\Wbem;C:\Windows\System32\WindowsPowerShell\v1.0\;C:\Windows\System32\OpenSSH\;C:\Program Files\dotnet\;C:\Windows\IsmFiles;C:\Users\ADMIN\AppData\Local\Microsoft\WindowsApps;C:\Users\ADMIN\AppData\Local\JetBrains\Toolbox\scripts;;C:\Windows\System32;
USERNAME=ADMIN
OS=Windows_NT
PROCESSOR_IDENTIFIER=Intel64 Family 6 Model 142 Stepping 10, GenuineIntel
TMP=C:\Users\ADMIN\AppData\Local\Temp
TEMP=C:\Users\ADMIN\AppData\Local\Temp



---------------  S Y S T E M  ---------------

OS:
 Windows 10 , 64 bit Build 19041 (10.0.19041.3636)
OS uptime: 10 days 14:16 hours

CPU: total 8 (initial active 8) (4 cores per cpu, 2 threads per core) family 6 model 142 stepping 10 microcode 0xb4, cx8, cmov, fxsr, ht, mmx, 3dnowpref, sse, sse2, sse3, ssse3, sse4.1, sse4.2, popcnt, lzcnt, tsc, tscinvbit, avx, avx2, aes, erms, clmul, bmi1, bmi2, adx, fma, vzeroupper, clflush, clflushopt
Processor Information for processor 0
  Max Mhz: 1801, Current Mhz: 1801, Mhz Limit: 1801
Processor Information for processor 1
  Max Mhz: 1801, Current Mhz: 1500, Mhz Limit: 1801
Processor Information for processor 2
  Max Mhz: 1801, Current Mhz: 1801, Mhz Limit: 1801
Processor Information for processor 3
  Max Mhz: 1801, Current Mhz: 1500, Mhz Limit: 1801
Processor Information for processor 4
  Max Mhz: 1801, Current Mhz: 1801, Mhz Limit: 1801
Processor Information for processor 5
  Max Mhz: 1801, Current Mhz: 1500, Mhz Limit: 1801
Processor Information for processor 6
  Max Mhz: 1801, Current Mhz: 1500, Mhz Limit: 1801
Processor Information for processor 7
  Max Mhz: 1801, Current Mhz: 1801, Mhz Limit: 1801

Memory: 4k page, system-wide physical 8107M (876M free)
TotalPageFile size 10155M (AvailPageFile size 95M)
current process WorkingSet (physical memory assigned to process): 10M, peak: 10M
current process commit charge ("private bytes"): 60M, peak: 188M

vm_info: OpenJDK 64-Bit Server VM (17.0.8.1+1) for windows-amd64 JRE (17.0.8.1+1), built on Aug 23 2023 15:29:17 by "admin" with MS VC++ 16.7 (VS2019)

END.
